Operating system: Microsoft Windows NT 6.2.9200.0
Opening INI file "C:\Users\MDT\Documents\GitHub\MD-FMV\SonPLN.sonpln"...
Game type is SCD.
Loading S1_FRM05...
8x8 tile file "LOGO/S1_FRM05.UNC" not found.
Plane mappings file "LOGO/S1_FRM05.MAP" not found.
Loading palette file "LOGO/LOGOPAL.PAL"...
Source: 0 Destination: 0 Length: 16
Load completed.
Loading S1_FRM04...
8x8 tile file "LOGO/S1_FRM04.UNC" not found.
System.ArgumentOutOfRangeException: Index was out of range. Must be non-negative and less than the size of the collection.
Parameter name: index
   at System.ThrowHelper.ThrowArgumentOutOfRangeException(ExceptionArgument argument, ExceptionResource resource)
   at System.Collections.Generic.List`1.get_Item(Int32 index)
   at SonicRetro.SonLVL.API.MultiFileIndexer`1.InsertAfter(Int32 index, T insertItem) in C:\Users\MDT\Documents\GitHub\SonLVL\SonLVLAPI\MultiFileIndexer.cs:line 100
   at SonicRetro.SonLVL.API.MultiFileIndexer`1.FillGaps() in C:\Users\MDT\Documents\GitHub\SonLVL\SonLVLAPI\MultiFileIndexer.cs:line 65
   at SonicRetro.SonLVL.SonPLN.MainForm.LoadLevelTiles() in C:\Users\MDT\Documents\GitHub\SonLVL\SonPLN\MainForm.cs:line 385
   at SonicRetro.SonLVL.SonPLN.MainForm.backgroundLevelLoader_DoWork(Object sender, DoWorkEventArgs e) in C:\Users\MDT\Documents\GitHub\SonLVL\SonPLN\MainForm.cs:line 325
   at SonicRetro.SonLVL.SonPLN.MainForm.LevelToolStripMenuItem_Clicked(Object sender, EventArgs e) in C:\Users\MDT\Documents\GitHub\SonLVL\SonPLN\MainForm.cs:line 309
   at System.Windows.Forms.ToolStripItem.RaiseEvent(Object key, EventArgs e)
   at System.Windows.Forms.ToolStripMenuItem.OnClick(EventArgs e)
   at System.Windows.Forms.ToolStripItem.HandleClick(EventArgs e)
   at System.Windows.Forms.ToolStripItem.HandleMouseUp(MouseEventArgs e)
   at System.Windows.Forms.ToolStripItem.FireEventInteractive(EventArgs e, ToolStripItemEventType met)
   at System.Windows.Forms.ToolStripItem.FireEvent(EventArgs e, ToolStripItemEventType met)
   at System.Windows.Forms.ToolStrip.OnMouseUp(MouseEventArgs mea)
   at System.Windows.Forms.ToolStripDropDown.OnMouseUp(MouseEventArgs mea)
   at System.Windows.Forms.Control.WmMouseUp(Message& m, MouseButtons button, Int32 clicks)
   at System.Windows.Forms.Control.WndProc(Message& m)
   at System.Windows.Forms.ScrollableControl.WndProc(Message& m)
   at System.Windows.Forms.ToolStrip.WndProc(Message& m)
   at System.Windows.Forms.ToolStripDropDown.WndProc(Message& m)
   at System.Windows.Forms.Control.ControlNativeWindow.OnMessage(Message& m)
   at System.Windows.Forms.Control.ControlNativeWindow.WndProc(Message& m)
   at System.Windows.Forms.NativeWindow.Callback(IntPtr hWnd, Int32 msg, IntPtr wparam, IntPtr lparam)
